<?xml version="1.0" encoding="UTF-8"?>
<testng-results ignored="0" total="4" passed="3" failed="1" skipped="0">
  <reporter-output>
  </reporter-output>
  <suite started-at="2025-01-05T12:48:24Z" name="Default suite" finished-at="2025-01-05T12:48:41Z" duration-ms="17181">
    <groups>
    </groups>
    <test started-at="2025-01-05T12:48:24Z" name="Default test" finished-at="2025-01-05T12:48:41Z" duration-ms="17181">
      <class name="basics.DynamicPaginationTable">
        <test-method is-config="true" signature="launchBrowser()[pri:0, instance:basics.DynamicPaginationTable@5be1d0a4]" started-at="2025-01-05T18:18:24Z" name="launchBrowser" finished-at="2025-01-05T18:18:30Z" duration-ms="5274" status="PASS">
          <reporter-output>
          </reporter-output>
        </test-method> <!-- launchBrowser -->
        <test-method signature="getAllDetails()[pri:0, instance:basics.DynamicPaginationTable@5be1d0a4]" started-at="2025-01-05T18:18:30Z" name="getAllDetails" finished-at="2025-01-05T18:18:30Z" duration-ms="11" status="FAIL">
          <exception class="java.lang.Error">
            <message>
              <![CDATA[Unresolved compilation problem: 
	Syntax error, insert "}" to complete Block
]]>
            </message>
            <full-stacktrace>
              <![CDATA[java.lang.Error: Unresolved compilation problem: 
	Syntax error, insert "}" to complete Block

	at basics.DynamicPaginationTable.getAllDetails(DynamicPaginationTable.java:57)
	at java.base/jdk.internal.reflect.DirectMethodHandleAccessor.invoke(DirectMethodHandleAccessor.java:103)
	at java.base/java.lang.reflect.Method.invoke(Method.java:580)
	at org.testng.internal.MethodInvocationHelper.invokeMethod(MethodInvocationHelper.java:104)
	at org.testng.internal.Invoker.invokeMethod(Invoker.java:645)
	at org.testng.internal.Invoker.invokeTestMethod(Invoker.java:851)
	at org.testng.internal.Invoker.invokeTestMethods(Invoker.java:1177)
	at org.testng.internal.TestMethodWorker.invokeTestMethods(TestMethodWorker.java:129)
	at org.testng.internal.TestMethodWorker.run(TestMethodWorker.java:112)
	at org.testng.TestRunner.privateRun(TestRunner.java:756)
	at org.testng.TestRunner.run(TestRunner.java:610)
	at org.testng.SuiteRunner.runTest(SuiteRunner.java:387)
	at org.testng.SuiteRunner.runSequentially(SuiteRunner.java:382)
	at org.testng.SuiteRunner.privateRun(SuiteRunner.java:340)
	at org.testng.SuiteRunner.run(SuiteRunner.java:289)
	at org.testng.SuiteRunnerWorker.runSuite(SuiteRunnerWorker.java:52)
	at org.testng.SuiteRunnerWorker.run(SuiteRunnerWorker.java:86)
	at org.testng.TestNG.runSuitesSequentially(TestNG.java:1293)
	at org.testng.TestNG.runSuitesLocally(TestNG.java:1218)
	at org.testng.TestNG.runSuites(TestNG.java:1133)
	at org.testng.TestNG.run(TestNG.java:1104)
	at org.testng.remote.AbstractRemoteTestNG.run(AbstractRemoteTestNG.java:115)
	at org.testng.remote.RemoteTestNG.initAndRun(RemoteTestNG.java:293)
	at org.testng.remote.RemoteTestNG.main(RemoteTestNG.java:91)
]]>
            </full-stacktrace>
          </exception> <!-- java.lang.Error -->
          <reporter-output>
          </reporter-output>
        </test-method> <!-- getAllDetails -->
        <test-method is-config="true" signature="launchBrowser()[pri:0, instance:basics.DynamicPaginationTable@5be1d0a4]" started-at="2025-01-05T18:18:30Z" name="launchBrowser" finished-at="2025-01-05T18:18:34Z" duration-ms="4071" status="PASS">
          <reporter-output>
          </reporter-output>
        </test-method> <!-- launchBrowser -->
        <test-method signature="getAllNames()[pri:0, instance:basics.DynamicPaginationTable@5be1d0a4]" started-at="2025-01-05T18:18:34Z" name="getAllNames" finished-at="2025-01-05T18:18:34Z" duration-ms="198" status="PASS">
          <reporter-output>
          </reporter-output>
        </test-method> <!-- getAllNames -->
        <test-method is-config="true" signature="launchBrowser()[pri:0, instance:basics.DynamicPaginationTable@5be1d0a4]" started-at="2025-01-05T18:18:34Z" name="launchBrowser" finished-at="2025-01-05T18:18:38Z" duration-ms="3666" status="PASS">
          <reporter-output>
          </reporter-output>
        </test-method> <!-- launchBrowser -->
        <test-method signature="getCedricPosition()[pri:0, instance:basics.DynamicPaginationTable@5be1d0a4]" started-at="2025-01-05T18:18:38Z" name="getCedricPosition" finished-at="2025-01-05T18:18:38Z" duration-ms="59" status="PASS">
          <reporter-output>
          </reporter-output>
        </test-method> <!-- getCedricPosition -->
        <test-method is-config="true" signature="launchBrowser()[pri:0, instance:basics.DynamicPaginationTable@5be1d0a4]" started-at="2025-01-05T18:18:38Z" name="launchBrowser" finished-at="2025-01-05T18:18:41Z" duration-ms="3748" status="PASS">
          <reporter-output>
          </reporter-output>
        </test-method> <!-- launchBrowser -->
        <test-method signature="getTbleHeadings()[pri:0, instance:basics.DynamicPaginationTable@5be1d0a4]" started-at="2025-01-05T18:18:41Z" name="getTbleHeadings" finished-at="2025-01-05T18:18:41Z" duration-ms="122" status="PASS">
          <reporter-output>
          </reporter-output>
        </test-method> <!-- getTbleHeadings -->
      </class> <!-- basics.DynamicPaginationTable -->
    </test> <!-- Default test -->
  </suite> <!-- Default suite -->
</testng-results>
